{"logTime": "0727/160259", "correlationVector":"yX5oypExmW3abcb7ryeODm.1","action":"SyncServerConnectionManagerRequest", "result":"SYNC_SERVER_OK", "context":{"environment":"Prod_southeastasia_prod-s01-064-apac-southeastasia", "migrationStage":"NotStarted", "server":"akswtt009000047"}}
{"logTime": "0727/160259", "correlationVector":"yX5oypExmW3abcb7ryeODm.2","action":"ProcessGetUpdates", "result":"Done", "context":{"dataType":"Encryption Keys", "deleted":"0", "process_failed_to_decrypt":"0", "process_pending_decryption":"0", "process_success":"1", "total":"1"}}
{"logTime": "0727/160259", "correlationVector":"Jc5tyoJXzY7+DOA6aDac0f","action":"SyncServerConnectionManagerRequest", "result":"SYNC_SERVER_OK", "context":{"environment":"", "migrationStage":"", "server":""}}
{"logTime": "0727/160259", "correlationVector":"Jc5tyoJXzY7+DOA6aDac0f.0","action":"EncryptionKeysFetcher.DownloadKeys:", "result":"Success", "context":Key count: 10, Last key timestamp: 2025-06-02T03:10:57Z}
{"logTime": "0727/160259", "correlationVector":"Jc5tyoJXzY7+DOA6aDac0f.1","action":"EncryptionKeysManager::SetEncryptionKeys:", "result":"Success", "context":Key names[10]:[Zq3oyIiwp0nkvcTtHof7GLUZDjjvDDO7kGsQEUw9UOzxk8b0ztuRfssPbUWwWBITMEngyWxkl+mbRqqggcJC9g==][sXGHNd4RZfYT8uv8fl9wD09TH7aK1ixvZnE51zFG1zxo4zfZn4vSsqUgSJQ+RM41lkgxVHMsNPG2uK8MobIL/g==][IKxUZJhYyqbaEucC/sUgENO1bd2Xgvyl/gP0Ko5isBUJoySqqY/Z6IKC50QULAYTRNmxE45nHOHbt8FG2XkNJA==][nPE9lT1Z+ZD974ejH+v//Ti5stM+eOWRNElVWy66M8DzvKTlXo1YHCiaNI8De0H+aLHgz+6nsWANnqsRe9auug==][qSasoUlpdz5/7q7neuZjl04eND3RhcqwH/PlcXVbDto/mzh4OpZH/x6pN7ueGh19mzkkIxDkRv/QNEwpg6NC6g==][wbCTqR8kR87MiPaXJdrN2JuDZYt01B/YEtVuon3Huj1tQH3c4Vgmjau9WDN98ls9nU902v2NPmw1JoRcebpj3Q==][wWs0tfGDuTzoyKmKL4zmftyKowq+Yw0eH1LwesMVIGAYkcIlRfJz2tLGFo4ep0G+uzyeTNpgp2X3ry5JR5m/gQ==][4jl4DHdH/uc3KEiM4FbbRARNlWY4m7+B4yf69XTGjip9NRUojgoV5u7NWMDONIydyEEKZhTEkpTf4d0rkE0SEQ==][H1ejqvCGezaxIQuCQ6S0RPw/lweZa4SQtmHMJunBjcgevvkFbqoF6lWINiNNCWFq9qOvwFMv4rEMjwYrKMKXIQ==][tJ8LaUBQnVF5SF0lOiSgmoCEo1P4FyUcBm4yZ3P1NS4vjE2BXVvlOLzokvYbe4zEDkgA/lfDQ3cyK77X3D12bA==]}
{"logTime": "0727/160259", "correlationVector":"Jc5tyoJXzY7+DOA6aDac0f.2","action":"EncryptionKeysManager::SetEncryptionKeysWithTimestamps:", "result":"Success", "context":Key timestamps[10]:[2021-05-20T10:09:00Z][2021-12-02T16:56:22Z][2022-06-02T14:09:29Z][2022-09-10T08:18:11Z][2023-03-09T11:10:29Z][2023-05-07T03:40:25Z][2023-11-07T16:09:56Z][2024-06-04T06:59:53Z][2024-12-03T06:17:36Z][2025-06-02T03:10:57Z]}
{"logTime": "0727/160259", "correlationVector":"yX5oypExmW3abcb7ryeODm","action":"Initial GetUpdates", "result":"", "context":Reason: NEW_CLIENT. cV=yX5oypExmW3abcb7ryeODm}
{"logTime": "0727/160259", "correlationVector":"yX5oypExmW3abcb7ryeODm.3","action":"GetUpdates Response", "result":"Success", "context":Received 1 update(s). cV=yX5oypExmW3abcb7ryeODm.0;server=akswtt009000047;cloudType=Consumer;environment=Prod_southeastasia_prod-s01-064-apac-southeastasia;migrationStage=NotStarted}
{"logTime": "0727/160259", "correlationVector":"wpbrZytsJSSZiVSVhbBhe9","action":"Initial GetUpdates", "result":"", "context":Reason: NEWLY_SUPPORTED_DATATYPE. cV=wpbrZytsJSSZiVSVhbBhe9}
{"logTime": "0727/160300", "correlationVector":"wpbrZytsJSSZiVSVhbBhe9.1","action":"SyncServerConnectionManagerRequest", "result":"SYNC_SERVER_OK", "context":{"environment":"Prod_southeastasia_prod-s01-064-apac-southeastasia", "migrationStage":"NotStarted", "server":"akswtt00900001c"}}
{"logTime": "0727/160300", "correlationVector":"wpbrZytsJSSZiVSVhbBhe9.2","action":"ProcessGetUpdates", "result":"Done", "context":{"dataType":"Device Info", "deleted":"0", "process_failed_to_decrypt":"0", "process_pending_decryption":"0", "process_success":"20", "total":"20"}}
{"logTime": "0727/160300", "correlationVector":"wpbrZytsJSSZiVSVhbBhe9.3","action":"GetUpdates Response", "result":"Success", "context":Received 20 update(s). cV=wpbrZytsJSSZiVSVhbBhe9.0;server=akswtt00900001c;cloudType=Consumer;environment=Prod_southeastasia_prod-s01-064-apac-southeastasia;migrationStage=NotStarted}
{"logTime": "0727/160300", "correlationVector":"gW0jD4Fpcu+Mm5ZBurRbg1","action":"Initial GetUpdates", "result":"", "context":Reason: NEWLY_SUPPORTED_DATATYPE. cV=gW0jD4Fpcu+Mm5ZBurRbg1}
{"logTime": "0727/160300", "correlationVector":"gW0jD4Fpcu+Mm5ZBurRbg1.1","action":"SyncServerConnectionManagerRequest", "result":"SYNC_SERVER_OK", "context":{"environment":"Prod_southeastasia_prod-s01-064-apac-southeastasia", "migrationStage":"NotStarted", "server":"akswtt009000024"}}
{"logTime": "0727/160300", "correlationVector":"gW0jD4Fpcu+Mm5ZBurRbg1.2","action":"ProcessGetUpdates", "result":"Done", "context":{"dataType":"Extensions", "deleted":"0", "process_failed_to_decrypt":"0", "process_pending_decryption":"0", "process_success":"1", "total":"1"}}
{"logTime": "0727/160300", "correlationVector":"gW0jD4Fpcu+Mm5ZBurRbg1.3","action":"ProcessGetUpdates", "result":"Done", "context":{"dataType":"Saved Tab Group", "deleted":"10", "process_failed_to_decrypt":"0", "process_pending_decryption":"0", "process_success":"11", "total":"11"}}
{"logTime": "0727/160300", "correlationVector":"gW0jD4Fpcu+Mm5ZBurRbg1.4","action":"GetUpdates Response", "result":"Success", "context":Received 12 update(s). cV=gW0jD4Fpcu+Mm5ZBurRbg1.0;server=akswtt009000024;cloudType=Consumer;environment=Prod_southeastasia_prod-s01-064-apac-southeastasia;migrationStage=NotStarted}
{"logTime": "0727/160300", "correlationVector":"cUWWkE4Bp1ROJkqSk9GA8R","action":"Normal GetUpdate request", "result":"", "context":cV=cUWWkE4Bp1ROJkqSk9GA8R
Nudged types: Device Info
Refresh requested types: Extensions, Extension settings, Device Info, User Consents, Send Tab To Self, Saved Tab Group, WebAuthn Credentials, Encryption Keys}
{"logTime": "0727/160300", "correlationVector":"cUWWkE4Bp1ROJkqSk9GA8R.1","action":"SyncServerConnectionManagerRequest", "result":"SYNC_SERVER_OK", "context":{"environment":"Prod_southeastasia_prod-s01-064-apac-southeastasia", "migrationStage":"NotStarted", "server":"akswtt009000012"}}
{"logTime": "0727/160300", "correlationVector":"cUWWkE4Bp1ROJkqSk9GA8R.2","action":"GetUpdates Response", "result":"Success", "context":Received 0 update(s). cV=cUWWkE4Bp1ROJkqSk9GA8R.0;server=akswtt009000012;cloudType=Consumer;environment=Prod_southeastasia_prod-s01-064-apac-southeastasia;migrationStage=NotStarted}
{"logTime": "0727/160300", "correlationVector":"1k+2XFP05P5fmxcH1RIB1P","action":"DoCompareDataConsistency requsted types: ", "result":"Extensions, Extension settings, Send Tab To Self, Saved Tab Group, WebAuthn Credentials, Encryption Keys"}
{"logTime": "0727/160300", "correlationVector":"1k+2XFP05P5fmxcH1RIB1P.0","action":"CompareDataConsistency result: ", "result":"Compare result: Encryption Keys is consistent. local entities count is: 1 local entities hash is: 1rFJrGTNLdFbWeqmprKei/Frclw="}
{"logTime": "0727/160300", "correlationVector":"1k+2XFP05P5fmxcH1RIB1P.1","action":"CompareDataConsistency result: ", "result":"Compare result: Extensions is consistent. local entities count is: 1 local entities hash is: Qe8xr4AZiosYm6hpyF1ux0hrBWU="}
{"logTime": "0727/160300", "correlationVector":"1k+2XFP05P5fmxcH1RIB1P.2","action":"CompareDataConsistency result: ", "result":"Compare result: Extension settings is consistent. local entities count is: 0 local entities hash is: "}
{"logTime": "0727/160300", "correlationVector":"1k+2XFP05P5fmxcH1RIB1P.3","action":"CompareDataConsistency result: ", "result":"Server did not send this Send Tab To Self local entities count is: 0 local entities hash is: "}
{"logTime": "0727/160300", "correlationVector":"1k+2XFP05P5fmxcH1RIB1P.4","action":"CompareDataConsistency result: ", "result":"Compare result: Saved Tab Group is consistent. local entities count is: 1 local entities hash is: uhesiGh1oBN3y/o4jY869PxX2Os="}
{"logTime": "0727/160300", "correlationVector":"1k+2XFP05P5fmxcH1RIB1P.5","action":"CompareDataConsistency result: ", "result":"Server did not send this WebAuthn Credentials local entities count is: 0 local entities hash is: "}
{"logTime": "0727/160300", "correlationVector":"TFwDdBaOLZUl7+abk6YyqN","action":"Commit Request", "result":"", "context":Item count: 1
Contributing types: Device Info}
{"logTime": "0727/160301", "correlationVector":"TFwDdBaOLZUl7+abk6YyqN.1","action":"SyncServerConnectionManagerRequest", "result":"SYNC_SERVER_OK", "context":{"environment":"Prod_southeastasia_prod-s01-064-apac-southeastasia", "migrationStage":"NotStarted", "server":"akswtt009000000"}}
{"logTime": "0727/160301", "correlationVector":"TFwDdBaOLZUl7+abk6YyqN.2","action":"Commit Response", "result":"Success", "context":Result: Success. cV=TFwDdBaOLZUl7+abk6YyqN.0;server=akswtt009000000;cloudType=Consumer;environment=Prod_southeastasia_prod-s01-064-apac-southeastasia;migrationStage=NotStarted}
{"logTime": "0727/160301", "correlationVector":"","action":"DIAGNOSTIC_REQUEST|v1/diagnosticData/Diagnostic.SendCheckResult()|SUCCESS", "result":""}
{"logTime": "0727/160302", "correlationVector":"v6CgZQKp/gA0fWlmurKYUI","action":"Initial GetUpdates", "result":"", "context":Reason: RECONFIGURATION. cV=v6CgZQKp/gA0fWlmurKYUI}
{"logTime": "0727/160302", "correlationVector":"v6CgZQKp/gA0fWlmurKYUI.1","action":"SyncServerConnectionManagerRequest", "result":"SYNC_SERVER_OK", "context":{"environment":"Prod_southeastasia_prod-s01-064-apac-southeastasia", "migrationStage":"NotStarted", "server":"akswtt00900001z"}}
{"logTime": "0727/160302", "correlationVector":"v6CgZQKp/gA0fWlmurKYUI.2","action":"ProcessGetUpdates", "result":"Done", "context":{"dataType":"Preferences", "deleted":"5", "process_failed_to_decrypt":"0", "process_pending_decryption":"0", "process_success":"116", "total":"116"}}
{"logTime": "0727/160302", "correlationVector":"v6CgZQKp/gA0fWlmurKYUI.3","action":"ProcessGetUpdates", "result":"Done", "context":{"dataType":"Passwords", "deleted":"1", "process_failed_to_decrypt":"0", "process_pending_decryption":"0", "process_success":"115", "total":"115"}}
{"logTime": "0727/160302", "correlationVector":"v6CgZQKp/gA0fWlmurKYUI.4","action":"ProcessGetUpdates", "result":"Done", "context":{"dataType":"Device Info", "deleted":"0", "process_failed_to_decrypt":"0", "process_pending_decryption":"0", "process_success":"19", "total":"19"}}
{"logTime": "0727/160302", "correlationVector":"v6CgZQKp/gA0fWlmurKYUI.5","action":"GetUpdates Response", "result":"Success", "context":Received 250 update(s). cV=v6CgZQKp/gA0fWlmurKYUI.0;server=akswtt00900001z;cloudType=Consumer;environment=Prod_southeastasia_prod-s01-064-apac-southeastasia;migrationStage=NotStarted Some updates remain.}
{"logTime": "0727/160302", "correlationVector":"SzGx4w/8FsXLhdoD6/DM4X","action":"Initial GetUpdates", "result":"", "context":Reason: RECONFIGURATION. cV=SzGx4w/8FsXLhdoD6/DM4X}
{"logTime": "0727/160303", "correlationVector":"SzGx4w/8FsXLhdoD6/DM4X.1","action":"SyncServerConnectionManagerRequest", "result":"SYNC_SERVER_OK", "context":{"environment":"Prod_southeastasia_prod-s01-064-apac-southeastasia", "migrationStage":"NotStarted", "server":"akswtt00900000f"}}
{"logTime": "0727/160303", "correlationVector":"SzGx4w/8FsXLhdoD6/DM4X.2","action":"ProcessGetUpdates", "result":"Done", "context":{"dataType":"Preferences", "deleted":"0", "process_failed_to_decrypt":"0", "process_pending_decryption":"0", "process_success":"2", "total":"2"}}
{"logTime": "0727/160303", "correlationVector":"SzGx4w/8FsXLhdoD6/DM4X.3","action":"ProcessGetUpdates", "result":"Done", "context":{"dataType":"Passwords", "deleted":"0", "process_failed_to_decrypt":"0", "process_pending_decryption":"0", "process_success":"34", "total":"34"}}
{"logTime": "0727/160303", "correlationVector":"SzGx4w/8FsXLhdoD6/DM4X.4","action":"ProcessGetUpdates", "result":"Done", "context":{"dataType":"Device Info", "deleted":"0", "process_failed_to_decrypt":"0", "process_pending_decryption":"0", "process_success":"2", "total":"2"}}
{"logTime": "0727/160303", "correlationVector":"SzGx4w/8FsXLhdoD6/DM4X.5","action":"GetUpdates Response", "result":"Success", "context":Received 38 update(s). cV=SzGx4w/8FsXLhdoD6/DM4X.0;server=akswtt00900000f;cloudType=Consumer;environment=Prod_southeastasia_prod-s01-064-apac-southeastasia;migrationStage=NotStarted}
{"logTime": "0727/160303", "correlationVector":"3nomukcF4EaUsu/FORO/xa","action":"Initial GetUpdates", "result":"", "context":Reason: RECONFIGURATION. cV=3nomukcF4EaUsu/FORO/xa}
{"logTime": "0727/160303", "correlationVector":"3nomukcF4EaUsu/FORO/xa.1","action":"SyncServerConnectionManagerRequest", "result":"SYNC_SERVER_OK", "context":{"environment":"Prod_southeastasia_prod-s01-064-apac-southeastasia", "migrationStage":"NotStarted", "server":"akswtt009000001"}}
{"logTime": "0727/160303", "correlationVector":"3nomukcF4EaUsu/FORO/xa.2","action":"ProcessGetUpdates", "result":"Done", "context":{"dataType":"Bookmarks", "deleted":"8", "process_failed_to_decrypt":"0", "process_pending_decryption":"0", "process_success":"89", "total":"89"}}
{"logTime": "0727/160303", "correlationVector":"3nomukcF4EaUsu/FORO/xa.3","action":"GetUpdates Response", "result":"Success", "context":Received 89 update(s). cV=3nomukcF4EaUsu/FORO/xa.0;server=akswtt009000001;cloudType=Consumer;environment=Prod_southeastasia_prod-s01-064-apac-southeastasia;migrationStage=NotStarted}
{"logTime": "0727/160303", "correlationVector":"spLtz9Btm0mVmoX4WZVXPo","action":"Initial GetUpdates", "result":"", "context":Reason: RECONFIGURATION. cV=spLtz9Btm0mVmoX4WZVXPo}
{"logTime": "0727/160304", "correlationVector":"spLtz9Btm0mVmoX4WZVXPo.1","action":"SyncServerConnectionManagerRequest", "result":"SYNC_SERVER_OK", "context":{"environment":"Prod_southeastasia_prod-s01-064-apac-southeastasia", "migrationStage":"NotStarted", "server":"akswtt00900000p"}}
{"logTime": "0727/160304", "correlationVector":"spLtz9Btm0mVmoX4WZVXPo.2","action":"ProcessGetUpdates", "result":"Done", "context":{"dataType":"Autofill", "deleted":"0", "process_failed_to_decrypt":"0", "process_pending_decryption":"0", "process_success":"94", "total":"94"}}
{"logTime": "0727/160304", "correlationVector":"spLtz9Btm0mVmoX4WZVXPo.3","action":"ProcessGetUpdates", "result":"Done", "context":{"dataType":"Extensions", "deleted":"0", "process_failed_to_decrypt":"0", "process_pending_decryption":"0", "process_success":"1", "total":"1"}}
{"logTime": "0727/160304", "correlationVector":"spLtz9Btm0mVmoX4WZVXPo.4","action":"ProcessGetUpdates", "result":"Done", "context":{"dataType":"Sessions", "deleted":"151", "process_failed_to_decrypt":"0", "process_pending_decryption":"0", "process_success":"151", "total":"151"}}
{"logTime": "0727/160304", "correlationVector":"spLtz9Btm0mVmoX4WZVXPo.5","action":"ProcessGetUpdates", "result":"Done", "context":{"dataType":"Edge Hub App Usage", "deleted":"3", "process_failed_to_decrypt":"0", "process_pending_decryption":"0", "process_success":"4", "total":"4"}}
{"logTime": "0727/160304", "correlationVector":"spLtz9Btm0mVmoX4WZVXPo.6","action":"GetUpdates Response", "result":"Success", "context":Received 250 update(s). cV=spLtz9Btm0mVmoX4WZVXPo.0;server=akswtt00900000p;cloudType=Consumer;environment=Prod_southeastasia_prod-s01-064-apac-southeastasia;migrationStage=NotStarted Some updates remain.}
{"logTime": "0727/160304", "correlationVector":"/SikLHab40davflvJNf3zo","action":"Initial GetUpdates", "result":"", "context":Reason: RECONFIGURATION. cV=/SikLHab40davflvJNf3zo}
{"logTime": "0727/160305", "correlationVector":"/SikLHab40davflvJNf3zo.1","action":"SyncServerConnectionManagerRequest", "result":"SYNC_SERVER_OK", "context":{"environment":"Prod_southeastasia_prod-s01-064-apac-southeastasia", "migrationStage":"NotStarted", "server":"akswtt009000012"}}
{"logTime": "0727/160305", "correlationVector":"/SikLHab40davflvJNf3zo.2","action":"ProcessGetUpdates", "result":"Done", "context":{"dataType":"Autofill Profiles", "deleted":"0", "process_failed_to_decrypt":"0", "process_pending_decryption":"0", "process_success":"46", "total":"46"}}
{"logTime": "0727/160305", "correlationVector":"/SikLHab40davflvJNf3zo.3","action":"ProcessGetUpdates", "result":"Done", "context":{"dataType":"Autofill", "deleted":"0", "process_failed_to_decrypt":"0", "process_pending_decryption":"0", "process_success":"99", "total":"99"}}
{"logTime": "0727/160305", "correlationVector":"/SikLHab40davflvJNf3zo.4","action":"ProcessGetUpdates", "result":"Done", "context":{"dataType":"Sessions", "deleted":"103", "process_failed_to_decrypt":"0", "process_pending_decryption":"0", "process_success":"103", "total":"103"}}
{"logTime": "0727/160305", "correlationVector":"/SikLHab40davflvJNf3zo.5","action":"ProcessGetUpdates", "result":"Done", "context":{"dataType":"Saved Tab Group", "deleted":"2", "process_failed_to_decrypt":"0", "process_pending_decryption":"0", "process_success":"2", "total":"2"}}
{"logTime": "0727/160305", "correlationVector":"/SikLHab40davflvJNf3zo.6","action":"GetUpdates Response", "result":"Success", "context":Received 250 update(s). cV=/SikLHab40davflvJNf3zo.0;server=akswtt009000012;cloudType=Consumer;environment=Prod_southeastasia_prod-s01-064-apac-southeastasia;migrationStage=NotStarted Some updates remain.}
{"logTime": "0727/160305", "correlationVector":"gHFnk6U9acl5aqod2SOay9","action":"Initial GetUpdates", "result":"", "context":Reason: RECONFIGURATION. cV=gHFnk6U9acl5aqod2SOay9}
{"logTime": "0727/160305", "correlationVector":"gHFnk6U9acl5aqod2SOay9.1","action":"SyncServerConnectionManagerRequest", "result":"SYNC_SERVER_OK", "context":{"environment":"Prod_southeastasia_prod-s01-064-apac-southeastasia", "migrationStage":"NotStarted", "server":"akswtt00900004l"}}
{"logTime": "0727/160305", "correlationVector":"gHFnk6U9acl5aqod2SOay9.2","action":"ProcessGetUpdates", "result":"Done", "context":{"dataType":"Autofill", "deleted":"0", "process_failed_to_decrypt":"0", "process_pending_decryption":"0", "process_success":"250", "total":"250"}}
{"logTime": "0727/160305", "correlationVector":"gHFnk6U9acl5aqod2SOay9.3","action":"GetUpdates Response", "result":"Success", "context":Received 250 update(s). cV=gHFnk6U9acl5aqod2SOay9.0;server=akswtt00900004l;cloudType=Consumer;environment=Prod_southeastasia_prod-s01-064-apac-southeastasia;migrationStage=NotStarted Some updates remain.}
{"logTime": "0727/160305", "correlationVector":"/dbz0LPJjqTxYAlZKyPbwo","action":"Initial GetUpdates", "result":"", "context":Reason: RECONFIGURATION. cV=/dbz0LPJjqTxYAlZKyPbwo}
{"logTime": "0727/160306", "correlationVector":"/dbz0LPJjqTxYAlZKyPbwo.1","action":"SyncServerConnectionManagerRequest", "result":"SYNC_SERVER_OK", "context":{"environment":"Prod_southeastasia_prod-s01-064-apac-southeastasia", "migrationStage":"NotStarted", "server":"akswtt00900001z"}}
{"logTime": "0727/160306", "correlationVector":"/dbz0LPJjqTxYAlZKyPbwo.2","action":"ProcessGetUpdates", "result":"Done", "context":{"dataType":"Autofill Profiles", "deleted":"0", "process_failed_to_decrypt":"0", "process_pending_decryption":"0", "process_success":"21", "total":"21"}}
{"logTime": "0727/160306", "correlationVector":"/dbz0LPJjqTxYAlZKyPbwo.3","action":"ProcessGetUpdates", "result":"Done", "context":{"dataType":"Autofill", "deleted":"0", "process_failed_to_decrypt":"0", "process_pending_decryption":"0", "process_success":"214", "total":"214"}}
{"logTime": "0727/160306", "correlationVector":"/dbz0LPJjqTxYAlZKyPbwo.4","action":"ProcessGetUpdates", "result":"Done", "context":{"dataType":"Sessions", "deleted":"14", "process_failed_to_decrypt":"0", "process_pending_decryption":"0", "process_success":"14", "total":"14"}}
{"logTime": "0727/160306", "correlationVector":"/dbz0LPJjqTxYAlZKyPbwo.5","action":"ProcessGetUpdates", "result":"Done", "context":{"dataType":"Edge Hub App Usage", "deleted":"0", "process_failed_to_decrypt":"0", "process_pending_decryption":"0", "process_success":"1", "total":"1"}}
{"logTime": "0727/160306", "correlationVector":"/dbz0LPJjqTxYAlZKyPbwo.6","action":"GetUpdates Response", "result":"Success", "context":Received 250 update(s). cV=/dbz0LPJjqTxYAlZKyPbwo.0;server=akswtt00900001z;cloudType=Consumer;environment=Prod_southeastasia_prod-s01-064-apac-southeastasia;migrationStage=NotStarted Some updates remain.}
{"logTime": "0727/160306", "correlationVector":"fPh7vD7hptQbG2NKu282bn","action":"Initial GetUpdates", "result":"", "context":Reason: RECONFIGURATION. cV=fPh7vD7hptQbG2NKu282bn}
{"logTime": "0727/160307", "correlationVector":"fPh7vD7hptQbG2NKu282bn.1","action":"SyncServerConnectionManagerRequest", "result":"SYNC_SERVER_OK", "context":{"environment":"Prod_southeastasia_prod-s01-064-apac-southeastasia", "migrationStage":"NotStarted", "server":"akswtt00900004l"}}
{"logTime": "0727/160307", "correlationVector":"fPh7vD7hptQbG2NKu282bn.2","action":"ProcessGetUpdates", "result":"Done", "context":{"dataType":"Autofill Profiles", "deleted":"0", "process_failed_to_decrypt":"0", "process_pending_decryption":"0", "process_success":"6", "total":"6"}}
{"logTime": "0727/160307", "correlationVector":"fPh7vD7hptQbG2NKu282bn.3","action":"ProcessGetUpdates", "result":"Done", "context":{"dataType":"Autofill", "deleted":"0", "process_failed_to_decrypt":"0", "process_pending_decryption":"0", "process_success":"35", "total":"35"}}
{"logTime": "0727/160307", "correlationVector":"fPh7vD7hptQbG2NKu282bn.4","action":"ProcessGetUpdates", "result":"Done", "context":{"dataType":"Sessions", "deleted":"209", "process_failed_to_decrypt":"0", "process_pending_decryption":"0", "process_success":"209", "total":"209"}}
{"logTime": "0727/160307", "correlationVector":"fPh7vD7hptQbG2NKu282bn.5","action":"GetUpdates Response", "result":"Success", "context":Received 250 update(s). cV=fPh7vD7hptQbG2NKu282bn.0;server=akswtt00900004l;cloudType=Consumer;environment=Prod_southeastasia_prod-s01-064-apac-southeastasia;migrationStage=NotStarted Some updates remain.}
{"logTime": "0727/160307", "correlationVector":"zhXqUEz+8NNeDVehDF3SgG","action":"Initial GetUpdates", "result":"", "context":Reason: RECONFIGURATION. cV=zhXqUEz+8NNeDVehDF3SgG}
{"logTime": "0727/160307", "correlationVector":"zhXqUEz+8NNeDVehDF3SgG.1","action":"SyncServerConnectionManagerRequest", "result":"SYNC_SERVER_OK", "context":{"environment":"Prod_southeastasia_prod-s01-064-apac-southeastasia", "migrationStage":"NotStarted", "server":"akswtt009000019"}}
{"logTime": "0727/160307", "correlationVector":"zhXqUEz+8NNeDVehDF3SgG.2","action":"ProcessGetUpdates", "result":"Done", "context":{"dataType":"Autofill Profiles", "deleted":"2", "process_failed_to_decrypt":"0", "process_pending_decryption":"0", "process_success":"5", "total":"5"}}
{"logTime": "0727/160307", "correlationVector":"zhXqUEz+8NNeDVehDF3SgG.3","action":"ProcessGetUpdates", "result":"Done", "context":{"dataType":"Autofill", "deleted":"0", "process_failed_to_decrypt":"0", "process_pending_decryption":"0", "process_success":"17", "total":"17"}}
{"logTime": "0727/160307", "correlationVector":"zhXqUEz+8NNeDVehDF3SgG.4","action":"ProcessGetUpdates", "result":"Done", "context":{"dataType":"Sessions", "deleted":"226", "process_failed_to_decrypt":"0", "process_pending_decryption":"0", "process_success":"226", "total":"226"}}
{"logTime": "0727/160307", "correlationVector":"zhXqUEz+8NNeDVehDF3SgG.5","action":"ProcessGetUpdates", "result":"Done", "context":{"dataType":"Edge Hub App Usage", "deleted":"1", "process_failed_to_decrypt":"0", "process_pending_decryption":"0", "process_success":"2", "total":"2"}}
{"logTime": "0727/160307", "correlationVector":"zhXqUEz+8NNeDVehDF3SgG.6","action":"GetUpdates Response", "result":"Success", "context":Received 250 update(s). cV=zhXqUEz+8NNeDVehDF3SgG.0;server=akswtt009000019;cloudType=Consumer;environment=Prod_southeastasia_prod-s01-064-apac-southeastasia;migrationStage=NotStarted Some updates remain.}
{"logTime": "0727/160307", "correlationVector":"lqVkpTNU4XPFcwvH/HhoJf","action":"Initial GetUpdates", "result":"", "context":Reason: RECONFIGURATION. cV=lqVkpTNU4XPFcwvH/HhoJf}
{"logTime": "0727/160307", "correlationVector":"lqVkpTNU4XPFcwvH/HhoJf.1","action":"SyncServerConnectionManagerRequest", "result":"SYNC_SERVER_OK", "context":{"environment":"Prod_southeastasia_prod-s01-064-apac-southeastasia", "migrationStage":"NotStarted", "server":"akswtt00900001z"}}
{"logTime": "0727/160307", "correlationVector":"lqVkpTNU4XPFcwvH/HhoJf.2","action":"ProcessGetUpdates", "result":"Done", "context":{"dataType":"Autofill Profiles", "deleted":"1", "process_failed_to_decrypt":"0", "process_pending_decryption":"0", "process_success":"4", "total":"4"}}
{"logTime": "0727/160307", "correlationVector":"lqVkpTNU4XPFcwvH/HhoJf.3","action":"ProcessGetUpdates", "result":"Done", "context":{"dataType":"Autofill", "deleted":"0", "process_failed_to_decrypt":"0", "process_pending_decryption":"0", "process_success":"24", "total":"24"}}
{"logTime": "0727/160307", "correlationVector":"lqVkpTNU4XPFcwvH/HhoJf.4","action":"ProcessGetUpdates", "result":"Done", "context":{"dataType":"Sessions", "deleted":"94", "process_failed_to_decrypt":"0", "process_pending_decryption":"0", "process_success":"101", "total":"101"}}
{"logTime": "0727/160307", "correlationVector":"lqVkpTNU4XPFcwvH/HhoJf.5","action":"ProcessGetUpdates", "result":"Done", "context":{"dataType":"Saved Tab Group", "deleted":"8", "process_failed_to_decrypt":"0", "process_pending_decryption":"0", "process_success":"9", "total":"9"}}
{"logTime": "0727/160307", "correlationVector":"lqVkpTNU4XPFcwvH/HhoJf.6","action":"ProcessGetUpdates", "result":"Done", "context":{"dataType":"Edge Hub App Usage", "deleted":"0", "process_failed_to_decrypt":"0", "process_pending_decryption":"0", "process_success":"3", "total":"3"}}
{"logTime": "0727/160307", "correlationVector":"lqVkpTNU4XPFcwvH/HhoJf.7","action":"GetUpdates Response", "result":"Success", "context":Received 141 update(s). cV=lqVkpTNU4XPFcwvH/HhoJf.0;server=akswtt00900001z;cloudType=Consumer;environment=Prod_southeastasia_prod-s01-064-apac-southeastasia;migrationStage=NotStarted}
{"logTime": "0727/160308", "correlationVector":"Dw45wOjfK3VtjlPYjh46YM","action":"Initial GetUpdates", "result":"", "context":Reason: RECONFIGURATION. cV=Dw45wOjfK3VtjlPYjh46YM}
{"logTime": "0727/160308", "correlationVector":"Dw45wOjfK3VtjlPYjh46YM.1","action":"SyncServerConnectionManagerRequest", "result":"SYNC_SERVER_OK", "context":{"environment":"Prod_southeastasia_prod-s01-064-apac-southeastasia", "migrationStage":"NotStarted", "server":"akswtt00900004l"}}
{"logTime": "0727/160308", "correlationVector":"Dw45wOjfK3VtjlPYjh46YM.2","action":"ProcessGetUpdates", "result":"Done", "context":{"dataType":"History", "deleted":"0", "process_failed_to_decrypt":"0", "process_pending_decryption":"0", "process_success":"109", "total":"109"}}
{"logTime": "0727/160308", "correlationVector":"Dw45wOjfK3VtjlPYjh46YM.3","action":"GetUpdates Response", "result":"Success", "context":Received 109 update(s). cV=Dw45wOjfK3VtjlPYjh46YM.0;server=akswtt00900004l;cloudType=Consumer;environment=Prod_southeastasia_prod-s01-064-apac-southeastasia;migrationStage=NotStarted}
{"logTime": "0727/160308", "correlationVector":"/zIokJGXOEBKf52VOPsdEl","action":"Normal GetUpdate request", "result":"", "context":cV=/zIokJGXOEBKf52VOPsdEl
Nudged types: Sessions, Device Info
Refresh requested types: Bookmarks, Preferences, Passwords, Autofill Profiles, Autofill, Extensions, Sessions, Extension settings, History Delete Directives, Device Info, User Consents, Send Tab To Self, Web Apps, History, Saved Tab Group, WebAuthn Credentials, Collection, Edge E Drop, Edge Hub App Usage, Edge Wallet, Encryption Keys}
{"logTime": "0727/160308", "correlationVector":"/zIokJGXOEBKf52VOPsdEl.1","action":"SyncServerConnectionManagerRequest", "result":"SYNC_SERVER_OK", "context":{"environment":"Prod_southeastasia_prod-s01-064-apac-southeastasia", "migrationStage":"NotStarted", "server":"akswtt009000000"}}
{"logTime": "0727/160308", "correlationVector":"/zIokJGXOEBKf52VOPsdEl.2","action":"GetUpdates Response", "result":"Success", "context":Received 0 update(s). cV=/zIokJGXOEBKf52VOPsdEl.0;server=akswtt009000000;cloudType=Consumer;environment=Prod_southeastasia_prod-s01-064-apac-southeastasia;migrationStage=NotStarted}
{"logTime": "0727/160308", "correlationVector":"xcQ4lRTH4TBAeC5CkURd08","action":"Commit Request", "result":"", "context":Item count: 3
Contributing types: Sessions, Device Info}
{"logTime": "0727/160309", "correlationVector":"xcQ4lRTH4TBAeC5CkURd08.1","action":"SyncServerConnectionManagerRequest", "result":"SYNC_SERVER_OK", "context":{"environment":"Prod_southeastasia_prod-s01-064-apac-southeastasia", "migrationStage":"NotStarted", "server":"akswtt00900001z"}}
{"logTime": "0727/160309", "correlationVector":"xcQ4lRTH4TBAeC5CkURd08.2","action":"Commit Response", "result":"Success", "context":Result: Success. cV=xcQ4lRTH4TBAeC5CkURd08.0;server=akswtt00900001z;cloudType=Consumer;environment=Prod_southeastasia_prod-s01-064-apac-southeastasia;migrationStage=NotStarted}
